Applied mapping from original atom types to a set suitable for G16: 

CX ---> CX
ho ---> HO
CR ---> CR
HA ---> HA
H1 ---> H1
HP ---> HP
S ---> S
3C ---> A3C
o ---> O
OH ---> OH
H5 ---> H5
H4 ---> H4
OW ---> OW
N3 ---> N3
2C ---> A2C
c3 ---> C3
hn ---> HN
C8 ---> C8
CN ---> CN
ox ---> OX
CA ---> CA
HC ---> HC
HW ---> HW
CO ---> CO
CV ---> CV
hx ---> HX
HS ---> HS
NY ---> NY
CC ---> CC
O2 ---> O2
oz ---> OZ
C ---> C
CT ---> CT
NX ---> NX
hc ---> HCA
FE ---> FE
c ---> CD
ha ---> HAA
H ---> H
n4 ---> N4
SH ---> SH
CW ---> CW
CB ---> CB
ca ---> CAA
HO ---> HOA
oh ---> OHA
Na+ ---> NA+
O ---> OA
N2 ---> N2
N ---> N
NA ---> NA
C* ---> C*
NB ---> NB
h1 ---> H1A
os ---> OS
o3 ---> O3

 Adding dummy angle force constants for triangulat WAT, since HW-HW bond present 

Total charge of the system is:  -1.51e-05  , which is rounded to:  0
