Applied mapping from original atom types to a set suitable for G16: 

HP ---> HP
ox ---> OX
ha ---> HA
HA ---> HAA
hc ---> HC
CV ---> CV
HW ---> HW
CA ---> CA
H ---> H
C ---> C
CO ---> CO
3C ---> A3C
CC ---> CC
NA ---> NA
hx ---> HX
HS ---> HS
CN ---> CN
NX ---> NX
OW ---> OW
c3 ---> C3
CB ---> CB
HC ---> HCA
ca ---> CAA
c ---> CD
H4 ---> H4
Na+ ---> NA+
CW ---> CW
CR ---> CR
C8 ---> C8
H1 ---> H1
CT ---> CT
OH ---> OH
o ---> O
CX ---> CX
HO ---> HO
o3 ---> O3
os ---> OS
oz ---> OZ
N2 ---> N2
n4 ---> N4
2C ---> A2C
C* ---> C*
FE ---> FE
H5 ---> H5
ho ---> HOA
hn ---> HN
N3 ---> N3
NY ---> NY
h1 ---> H1A
O2 ---> O2
O ---> OA
N ---> N
S ---> S
oh ---> OHA
NB ---> NB
SH ---> SH

 Adding dummy angle force constants for triangulat WAT, since HW-HW bond present 


The QM part of the system will consist of: 
residues:  [318]
and sidechains:  [185, 242, 314, 317, 316, 187, 315]
and atoms:  [] 


The MM atoms replaced in the QM part by H-link atom are 
atoms with index:  [2984, 3022, 3896]
with H-link atom Amber atom types:  ['HC', 'HC', 'HC'] 


The reference with respect to which TRIMMING will be done consist of: 
residues:  [318]
and sidechains:  [185, 242, 314, 317, 316, 187, 315]
and atoms:  []

All protein atoms will be retained PLUS atoms of other residues with at least one atom within:  20  A from the above reference 


The reference with respect to which FREEZING will be done consist of: 
residues:  [318]
and sidechains:  [185, 242, 314, 317, 316, 187, 315]
and atoms:  []

All residues with at least one atom within:  15  A from the above reference will not be fixed 


QM part of the system (without H-link atoms) has a charge:  1.73e-01
Total charge of the system is:  -1.51e-05  , which is rounded to:  0
